This file contains any messages produced by compilers while
running configure, to aid debugging if configure makes a mistake.

It was created by QTPIE configure 1.0-rc2, which was
generated by GNU Autoconf 2.63.  Invocation command line was

  $ ./configure --prefix=/home/andersx/opt/qtpie

## --------- ##
## Platform. ##
## --------- ##

hostname = nuke
uname -m = x86_64
uname -r = 4.4.0-119-generic
uname -s = Linux
uname -v = #143-Ubuntu SMP Mon Apr 2 16:08:24 UTC 2018

/usr/bin/uname -p = unknown
/bin/uname -X     = unknown

/bin/arch              = unknown
/usr/bin/arch -k       = unknown
/usr/convex/getsysinfo = unknown
/usr/bin/hostinfo      = unknown
/bin/machine           = unknown
/usr/bin/oslevel       = unknown
/bin/universe          = unknown

PATH: /home/andersx/intel/compilers_and_libraries_2017.1.132/linux/bin/intel64
PATH: /home/andersx/intel/compilers_and_libraries_2017.1.132/linux/mpi/intel64/bin
PATH: /home/andersx/intel/debugger_2017/gdb/intel64_mic/bin
PATH: /sbin
PATH: /home/andersx/bin
PATH: /home/andersx/bin
PATH: /home/andersx/.local/bin
PATH: /usr/local/sbin
PATH: /usr/local/bin
PATH: /usr/sbin
PATH: /usr/bin
PATH: /sbin
PATH: /bin
PATH: /usr/games
PATH: /usr/local/games
PATH: /snap/bin
PATH: /usr/lib/jvm/java-8-oracle/bin
PATH: /usr/lib/jvm/java-8-oracle/db/bin
PATH: /usr/lib/jvm/java-8-oracle/jre/bin


## ----------- ##
## Core tests. ##
## ----------- ##

configure:2092: checking for a BSD-compatible install
configure:2160: result: /usr/bin/install -c
configure:2171: checking whether build environment is sane
configure:2231: result: yes
configure:2372: checking for a thread-safe mkdir -p
configure:2411: result: /bin/mkdir -p
configure:2424: checking for gawk
configure:2440: found /usr/bin/gawk
configure:2451: result: gawk
configure:2462: checking whether make sets $(MAKE)
configure:2484: result: yes
configure:2620: checking for gfortran
configure:2636: found /usr/bin/gfortran
configure:2647: result: gfortran
configure:2673: checking for Fortran compiler version
configure:2681: gfortran --version >&5
GNU Fortran (Ubuntu 5.4.0-6ubuntu1~16.04.9) 5.4.0 20160609
Copyright (C) 2015 Free Software Foundation, Inc.

GNU Fortran comes with NO WARRANTY, to the extent permitted by law.
You may redistribute copies of GNU Fortran
under the terms of the GNU General Public License.
For more information about these matters, see the file named COPYING

configure:2685: $? = 0
configure:2692: gfortran -v >&5
Using built-in specs.
COLLECT_GCC=gfortran
COLLECT_LTO_WRAPPER=/usr/lib/gcc/x86_64-linux-gnu/5/lto-wrapper
Target: x86_64-linux-gnu
Configured with: ../src/configure -v --with-pkgversion='Ubuntu 5.4.0-6ubuntu1~16.04.9' --with-bugurl=file:///usr/share/doc/gcc-5/README.Bugs --enable-languages=c,ada,c++,java,go,d,fortran,objc,obj-c++ --prefix=/usr --program-suffix=-5 --enable-shared --enable-linker-build-id --libexecdir=/usr/lib --without-included-gettext --enable-threads=posix --libdir=/usr/lib --enable-nls --with-sysroot=/ --enable-clocale=gnu --enable-libstdcxx-debug --enable-libstdcxx-time=yes --with-default-libstdcxx-abi=new --enable-gnu-unique-object --disable-vtable-verify --enable-libmpx --enable-plugin --with-system-zlib --disable-browser-plugin --enable-java-awt=gtk --enable-gtk-cairo --with-java-home=/usr/lib/jvm/java-1.5.0-gcj-5-amd64/jre --enable-java-home --with-jvm-root-dir=/usr/lib/jvm/java-1.5.0-gcj-5-amd64 --with-jvm-jar-dir=/usr/lib/jvm-exports/java-1.5.0-gcj-5-amd64 --with-arch-directory=amd64 --with-ecj-jar=/usr/share/java/eclipse-ecj.jar --enable-objc-gc --enable-multiarch --disable-werror --with-arch-32=i686 --with-abi=m64 --with-multilib-list=m32,m64,mx32 --enable-multilib --with-tune=generic --enable-checking=release --build=x86_64-linux-gnu --host=x86_64-linux-gnu --target=x86_64-linux-gnu
Thread model: posix
gcc version 5.4.0 20160609 (Ubuntu 5.4.0-6ubuntu1~16.04.9) 
configure:2696: $? = 0
configure:2703: gfortran -V >&5
gfortran: error: unrecognized command line option '-V'
gfortran: fatal error: no input files
compilation terminated.
configure:2707: $? = 1
configure:2721: checking for Fortran compiler default output file name
configure:2743: gfortran  -lblas -llapack  conftest.f  >&5
configure:2747: $? = 0
configure:2785: result: a.out
configure:2804: checking whether the Fortran compiler works
configure:2814: ./a.out
configure:2818: $? = 0
configure:2837: result: yes
configure:2844: checking whether we are cross compiling
configure:2846: result: no
configure:2849: checking for suffix of executables
configure:2856: gfortran -o conftest  -lblas -llapack  conftest.f  >&5
configure:2860: $? = 0
configure:2886: result: 
configure:2892: checking for suffix of object files
configure:2908: gfortran -c   conftest.f >&5
configure:2912: $? = 0
configure:2937: result: o
configure:2945: checking whether we are using the GNU Fortran compiler
configure:2964: gfortran -c   conftest.F >&5
configure:2971: $? = 0
configure:2988: result: yes
configure:2994: checking whether gfortran accepts -g
configure:3011: gfortran -c -g  conftest.f >&5
configure:3018: $? = 0
configure:3034: result: yes
configure:3060: checking whether make sets $(MAKE)
configure:3082: result: yes
configure:3134: checking for ranlib
configure:3150: found /usr/bin/ranlib
configure:3161: result: ranlib
configure:3214: checking build system type
configure:3232: result: x86_64-unknown-linux-gnu
configure:3254: checking host system type
configure:3269: result: x86_64-unknown-linux-gnu
configure:3303: checking for style of include used by make
configure:3331: result: GNU
configure:3401: checking for gcc
configure:3417: found /usr/bin/gcc
configure:3428: result: gcc
configure:3660: checking for C compiler version
configure:3668: gcc --version >&5
gcc (Ubuntu 5.4.0-6ubuntu1~16.04.9) 5.4.0 20160609
Copyright (C) 2015 Free Software Foundation, Inc.
This is free software; see the source for copying conditions.  There is NO
warranty; not even for MERCHANTABILITY or FITNESS FOR A PARTICULAR PURPOSE.

configure:3672: $? = 0
configure:3679: gcc -v >&5
Using built-in specs.
COLLECT_GCC=gcc
COLLECT_LTO_WRAPPER=/usr/lib/gcc/x86_64-linux-gnu/5/lto-wrapper
Target: x86_64-linux-gnu
Configured with: ../src/configure -v --with-pkgversion='Ubuntu 5.4.0-6ubuntu1~16.04.9' --with-bugurl=file:///usr/share/doc/gcc-5/README.Bugs --enable-languages=c,ada,c++,java,go,d,fortran,objc,obj-c++ --prefix=/usr --program-suffix=-5 --enable-shared --enable-linker-build-id --libexecdir=/usr/lib --without-included-gettext --enable-threads=posix --libdir=/usr/lib --enable-nls --with-sysroot=/ --enable-clocale=gnu --enable-libstdcxx-debug --enable-libstdcxx-time=yes --with-default-libstdcxx-abi=new --enable-gnu-unique-object --disable-vtable-verify --enable-libmpx --enable-plugin --with-system-zlib --disable-browser-plugin --enable-java-awt=gtk --enable-gtk-cairo --with-java-home=/usr/lib/jvm/java-1.5.0-gcj-5-amd64/jre --enable-java-home --with-jvm-root-dir=/usr/lib/jvm/java-1.5.0-gcj-5-amd64 --with-jvm-jar-dir=/usr/lib/jvm-exports/java-1.5.0-gcj-5-amd64 --with-arch-directory=amd64 --with-ecj-jar=/usr/share/java/eclipse-ecj.jar --enable-objc-gc --enable-multiarch --disable-werror --with-arch-32=i686 --with-abi=m64 --with-multilib-list=m32,m64,mx32 --enable-multilib --with-tune=generic --enable-checking=release --build=x86_64-linux-gnu --host=x86_64-linux-gnu --target=x86_64-linux-gnu
Thread model: posix
gcc version 5.4.0 20160609 (Ubuntu 5.4.0-6ubuntu1~16.04.9) 
configure:3683: $? = 0
configure:3690: gcc -V >&5
gcc: error: unrecognized command line option '-V'
gcc: fatal error: no input files
compilation terminated.
configure:3694: $? = 1
configure:3697: checking whether we are using the GNU C compiler
configure:3726: gcc -c   conftest.c >&5
configure:3733: $? = 0
configure:3750: result: yes
configure:3759: checking whether gcc accepts -g
configure:3789: gcc -c -g  conftest.c >&5
configure:3796: $? = 0
configure:3897: result: yes
configure:3914: checking for gcc option to accept ISO C89
configure:3988: gcc  -c -g -O2  conftest.c >&5
configure:3995: $? = 0
configure:4018: result: none needed
configure:4038: checking dependency style of gcc
configure:4148: result: gcc3
configure:4163: checking for a sed that does not truncate output
configure:4229: result: /bin/sed
configure:4247: checking for grep that handles long lines and -e
configure:4307: result: /bin/grep
configure:4312: checking for egrep
configure:4376: result: /bin/grep -E
configure:4381: checking for fgrep
configure:4445: result: /bin/grep -F
configure:4480: checking for ld used by gcc
configure:4547: result: /usr/bin/ld
configure:4556: checking if the linker (/usr/bin/ld) is GNU ld
configure:4571: result: yes
configure:4583: checking for BSD- or MS-compatible name lister (nm)
configure:4632: result: /usr/bin/nm -B
configure:4750: checking the name lister (/usr/bin/nm -B) interface
configure:4757: gcc -c -g -O2  conftest.c >&5
configure:4760: /usr/bin/nm -B "conftest.o"
configure:4763: output
0000000000000000 B some_variable
configure:4770: result: BSD nm
configure:4773: checking whether ln -s works
configure:4777: result: yes
configure:4785: checking the maximum length of command line arguments
configure:4905: result: 1572864
configure:4922: checking whether the shell understands some XSI constructs
configure:4932: result: yes
configure:4936: checking whether the shell understands "+="
configure:4942: result: yes
configure:4977: checking for /usr/bin/ld option to reload object files
configure:4984: result: -r
configure:5053: checking for objdump
configure:5069: found /usr/bin/objdump
configure:5080: result: objdump
configure:5112: checking how to recognize dependent libraries
configure:5308: result: pass_all
configure:5368: checking for ar
configure:5384: found /usr/bin/ar
configure:5395: result: ar
configure:5473: checking for strip
configure:5489: found /usr/bin/strip
configure:5500: result: strip
configure:5572: checking for ranlib
configure:5599: result: ranlib
configure:5689: checking command to parse /usr/bin/nm -B output from gcc object
configure:5807: gcc -c -g -O2  conftest.c >&5
configure:5810: $? = 0
configure:5814: /usr/bin/nm -B conftest.o \| sed -n -e 's/^.*[	 ]\([ABCDGIRSTW][ABCDGIRSTW]*\)[	 ][	 ]*\([_A-Za-z][_A-Za-z0-9]*\)$/\1 \2 \2/p' \> conftest.nm
configure:5817: $? = 0
configure:5871: gcc -o conftest -g -O2  -lblas -llapack conftest.c conftstm.o >&5
configure:5874: $? = 0
configure:5912: result: ok
configure:6008: gcc -c -g -O2  conftest.c >&5
configure:6011: $? = 0
configure:6779: checking how to run the C preprocessor
configure:6819: gcc -E  conftest.c
configure:6826: $? = 0
configure:6857: gcc -E  conftest.c
conftest.c:10:28: fatal error: ac_nonexistent.h: No such file or directory
compilation terminated.
configure:6864: $? = 1
configure: failed program was:
| /* confdefs.h.  */
| #define PACKAGE_NAME "QTPIE"
| #define PACKAGE_TARNAME "qtpie"
| #define PACKAGE_VERSION "1.0-rc2"
| #define PACKAGE_STRING "QTPIE 1.0-rc2"
| #define PACKAGE_BUGREPORT "jiahao@mit.edu"
| #define PACKAGE "qtpie"
| #define VERSION "1.0-rc2"
| /* end confdefs.h.  */
| #include <ac_nonexistent.h>
configure:6897: result: gcc -E
configure:6926: gcc -E  conftest.c
configure:6933: $? = 0
configure:6964: gcc -E  conftest.c
conftest.c:10:28: fatal error: ac_nonexistent.h: No such file or directory
compilation terminated.
configure:6971: $? = 1
configure: failed program was:
| /* confdefs.h.  */
| #define PACKAGE_NAME "QTPIE"
| #define PACKAGE_TARNAME "qtpie"
| #define PACKAGE_VERSION "1.0-rc2"
| #define PACKAGE_STRING "QTPIE 1.0-rc2"
| #define PACKAGE_BUGREPORT "jiahao@mit.edu"
| #define PACKAGE "qtpie"
| #define VERSION "1.0-rc2"
| /* end confdefs.h.  */
| #include <ac_nonexistent.h>
configure:7011: checking for ANSI C header files
configure:7041: gcc -c -g -O2  conftest.c >&5
configure:7048: $? = 0
configure:7147: gcc -o conftest -g -O2  -lblas -llapack conftest.c  >&5
configure:7151: $? = 0
configure:7157: ./conftest
configure:7161: $? = 0
configure:7179: result: yes
configure:7203: checking for sys/types.h
configure:7224: gcc -c -g -O2  conftest.c >&5
configure:7231: $? = 0
configure:7248: result: yes
configure:7203: checking for sys/stat.h
configure:7224: gcc -c -g -O2  conftest.c >&5
configure:7231: $? = 0
configure:7248: result: yes
configure:7203: checking for stdlib.h
configure:7224: gcc -c -g -O2  conftest.c >&5
configure:7231: $? = 0
configure:7248: result: yes
configure:7203: checking for string.h
configure:7224: gcc -c -g -O2  conftest.c >&5
configure:7231: $? = 0
configure:7248: result: yes
configure:7203: checking for memory.h
configure:7224: gcc -c -g -O2  conftest.c >&5
configure:7231: $? = 0
configure:7248: result: yes
configure:7203: checking for strings.h
configure:7224: gcc -c -g -O2  conftest.c >&5
configure:7231: $? = 0
configure:7248: result: yes
configure:7203: checking for inttypes.h
configure:7224: gcc -c -g -O2  conftest.c >&5
configure:7231: $? = 0
configure:7248: result: yes
configure:7203: checking for stdint.h
configure:7224: gcc -c -g -O2  conftest.c >&5
configure:7231: $? = 0
configure:7248: result: yes
configure:7203: checking for unistd.h
configure:7224: gcc -c -g -O2  conftest.c >&5
configure:7231: $? = 0
configure:7248: result: yes
configure:7266: checking for dlfcn.h
configure:7287: gcc -c -g -O2  conftest.c >&5
configure:7294: $? = 0
configure:7311: result: yes
configure:7432: checking for Fortran compiler version
configure:7440: gfortran --version >&5
GNU Fortran (Ubuntu 5.4.0-6ubuntu1~16.04.9) 5.4.0 20160609
Copyright (C) 2015 Free Software Foundation, Inc.

GNU Fortran comes with NO WARRANTY, to the extent permitted by law.
You may redistribute copies of GNU Fortran
under the terms of the GNU General Public License.
For more information about these matters, see the file named COPYING

configure:7444: $? = 0
configure:7451: gfortran -v >&5
Using built-in specs.
COLLECT_GCC=gfortran
COLLECT_LTO_WRAPPER=/usr/lib/gcc/x86_64-linux-gnu/5/lto-wrapper
Target: x86_64-linux-gnu
Configured with: ../src/configure -v --with-pkgversion='Ubuntu 5.4.0-6ubuntu1~16.04.9' --with-bugurl=file:///usr/share/doc/gcc-5/README.Bugs --enable-languages=c,ada,c++,java,go,d,fortran,objc,obj-c++ --prefix=/usr --program-suffix=-5 --enable-shared --enable-linker-build-id --libexecdir=/usr/lib --without-included-gettext --enable-threads=posix --libdir=/usr/lib --enable-nls --with-sysroot=/ --enable-clocale=gnu --enable-libstdcxx-debug --enable-libstdcxx-time=yes --with-default-libstdcxx-abi=new --enable-gnu-unique-object --disable-vtable-verify --enable-libmpx --enable-plugin --with-system-zlib --disable-browser-plugin --enable-java-awt=gtk --enable-gtk-cairo --with-java-home=/usr/lib/jvm/java-1.5.0-gcj-5-amd64/jre --enable-java-home --with-jvm-root-dir=/usr/lib/jvm/java-1.5.0-gcj-5-amd64 --with-jvm-jar-dir=/usr/lib/jvm-exports/java-1.5.0-gcj-5-amd64 --with-arch-directory=amd64 --with-ecj-jar=/usr/share/java/eclipse-ecj.jar --enable-objc-gc --enable-multiarch --disable-werror --with-arch-32=i686 --with-abi=m64 --with-multilib-list=m32,m64,mx32 --enable-multilib --with-tune=generic --enable-checking=release --build=x86_64-linux-gnu --host=x86_64-linux-gnu --target=x86_64-linux-gnu
Thread model: posix
gcc version 5.4.0 20160609 (Ubuntu 5.4.0-6ubuntu1~16.04.9) 
configure:7455: $? = 0
configure:7462: gfortran -V >&5
gfortran: error: unrecognized command line option '-V'
gfortran: fatal error: no input files
compilation terminated.
configure:7466: $? = 1
configure:7474: checking whether we are using the GNU Fortran compiler
configure:7517: result: yes
configure:7523: checking whether gfortran accepts -g
configure:7563: result: yes
configure:7766: checking for objdir
configure:7781: result: .libs
configure:8073: checking if gcc supports -fno-rtti -fno-exceptions
configure:8091: gcc -c -g -O2  -fno-rtti -fno-exceptions conftest.c >&5
cc1: warning: command line option '-fno-rtti' is valid for C++/ObjC++ but not for C
configure:8095: $? = 0
configure:8108: result: no
configure:8128: checking for gcc option to produce PIC
configure:8400: result: -fPIC -DPIC
configure:8412: checking if gcc PIC flag -fPIC -DPIC works
configure:8430: gcc -c -g -O2  -fPIC -DPIC -DPIC conftest.c >&5
configure:8434: $? = 0
configure:8447: result: yes
configure:8471: checking if gcc static flag -static works
configure:8499: result: yes
configure:8514: checking if gcc supports -c -o file.o
configure:8535: gcc -c -g -O2  -o out/conftest2.o conftest.c >&5
configure:8539: $? = 0
configure:8561: result: yes
configure:8569: checking if gcc supports -c -o file.o
configure:8616: result: yes
configure:8649: checking whether the gcc linker (/usr/bin/ld -m elf_x86_64) supports shared libraries
configure:9723: result: yes
configure:9760: checking whether -lc should be explicitly linked in
configure:9765: gcc -c -g -O2  conftest.c >&5
configure:9768: $? = 0
configure:9783: gcc -shared conftest.o  -v -Wl,-soname -Wl,conftest -o conftest 2\>\&1 \| /bin/grep  -lc  \>/dev/null 2\>\&1
configure:9786: $? = 0
configure:9798: result: no
configure:9962: checking dynamic linker characteristics
configure:10405: gcc -o conftest -g -O2  -lblas -llapack -Wl,-rpath -Wl,/foo conftest.c  >&5
configure:10412: $? = 0
configure:10645: result: GNU/Linux ld.so
configure:10747: checking how to hardcode library paths into programs
configure:10772: result: immediate
configure:11605: checking whether stripping libraries is possible
configure:11610: result: yes
configure:11645: checking if libtool supports shared libraries
configure:11647: result: yes
configure:11650: checking whether to build shared libraries
configure:11671: result: yes
configure:11674: checking whether to build static libraries
configure:11678: result: yes
configure:11800: checking if libtool supports shared libraries
configure:11802: result: yes
configure:11805: checking whether to build shared libraries
configure:11825: result: yes
configure:11828: checking whether to build static libraries
configure:11832: result: yes
configure:11858: gfortran -c -g -O2  conftest.f >&5
configure:11861: $? = 0
configure:11989: checking for gfortran option to produce PIC
configure:12261: result: -fPIC
configure:12270: checking if gfortran PIC flag -fPIC works
configure:12288: gfortran -c -g -O2 -fPIC  conftest.f >&5
configure:12292: $? = 0
configure:12305: result: yes
configure:12326: checking if gfortran static flag -static works
configure:12354: result: yes
configure:12366: checking if gfortran supports -c -o file.o
configure:12387: gfortran -c -g -O2 -o out/conftest2.o  conftest.f >&5
configure:12391: $? = 0
configure:12413: result: yes
configure:12418: checking if gfortran supports -c -o file.o
configure:12465: result: yes
configure:12495: checking whether the gfortran linker (/usr/bin/ld -m elf_x86_64) supports shared libraries
configure:13549: result: yes
configure:13686: checking dynamic linker characteristics
configure:14067: gfortran -o conftest -g -O2 -lblas -llapack -Wl,-rpath -Wl,/foo  conftest.f  >&5
configure:14074: $? = 0
configure:14307: result: GNU/Linux ld.so
configure:14358: checking how to hardcode library paths into programs
configure:14383: result: immediate
configure:14434: checking how to get verbose linking output from gfortran
configure:14450: gfortran -c -g -O2  conftest.f >&5
configure:14457: $? = 0
configure:14479: gfortran -o conftest -g -O2 -v -lblas -llapack conftest.f
Using built-in specs.
Target: x86_64-linux-gnu
Configured with: ../src/configure -v --with-pkgversion='Ubuntu 5.4.0-6ubuntu1~16.04.9' --with-bugurl=file:///usr/share/doc/gcc-5/README.Bugs --enable-languages=c,ada,c++,java,go,d,fortran,objc,obj-c++ --prefix=/usr --program-suffix=-5 --enable-shared --enable-linker-build-id --libexecdir=/usr/lib --without-included-gettext --enable-threads=posix --libdir=/usr/lib --enable-nls --with-sysroot=/ --enable-clocale=gnu --enable-libstdcxx-debug --enable-libstdcxx-time=yes --with-default-libstdcxx-abi=new --enable-gnu-unique-object --disable-vtable-verify --enable-libmpx --enable-plugin --with-system-zlib --disable-browser-plugin --enable-java-awt=gtk --enable-gtk-cairo --with-java-home=/usr/lib/jvm/java-1.5.0-gcj-5-amd64/jre --enable-java-home --with-jvm-root-dir=/usr/lib/jvm/java-1.5.0-gcj-5-amd64 --with-jvm-jar-dir=/usr/lib/jvm-exports/java-1.5.0-gcj-5-amd64 --with-arch-directory=amd64 --with-ecj-jar=/usr/share/java/eclipse-ecj.jar --enable-objc-gc --enable-multiarch --disable-werror --with-arch-32=i686 --with-abi=m64 --with-multilib-list=m32,m64,mx32 --enable-multilib --with-tune=generic --enable-checking=release --build=x86_64-linux-gnu --host=x86_64-linux-gnu --target=x86_64-linux-gnu
Thread model: posix
gcc version 5.4.0 20160609 (Ubuntu 5.4.0-6ubuntu1~16.04.9) 
 /usr/lib/gcc/x86_64-linux-gnu/5/f951 conftest.f -ffixed-form -quiet -dumpbase conftest.f -mtune=generic -march=x86-64 -auxbase conftest -g -O2 -version -fintrinsic-modules-path /usr/lib/gcc/x86_64-linux-gnu/5/finclude -o /tmp/ccsHBTal.s
GNU Fortran (Ubuntu 5.4.0-6ubuntu1~16.04.9) version 5.4.0 20160609 (x86_64-linux-gnu)
	compiled by GNU C version 5.4.0 20160609, GMP version 6.1.0, MPFR version 3.1.4, MPC version 1.0.3
GGC heuristics: --param ggc-min-expand=100 --param ggc-min-heapsize=131072
GNU Fortran2008 (Ubuntu 5.4.0-6ubuntu1~16.04.9) version 5.4.0 20160609 (x86_64-linux-gnu)
	compiled by GNU C version 5.4.0 20160609, GMP version 6.1.0, MPFR version 3.1.4, MPC version 1.0.3
GGC heuristics: --param ggc-min-expand=100 --param ggc-min-heapsize=131072
 as -v --64 -o /tmp/ccEDCLnl.o /tmp/ccsHBTal.s
GNU assembler version 2.26.1 (x86_64-linux-gnu) using BFD version (GNU Binutils for Ubuntu) 2.26.1
Reading specs from /usr/lib/gcc/x86_64-linux-gnu/5/libgfortran.spec
rename spec lib to liborig
 /usr/lib/gcc/x86_64-linux-gnu/5/collect2 -plugin /usr/lib/gcc/x86_64-linux-gnu/5/liblto_plugin.so -plugin-opt=/usr/lib/gcc/x86_64-linux-gnu/5/lto-wrapper -plugin-opt=-fresolution=/tmp/cc3d6eBl.res -plugin-opt=-pass-through=-lgcc_s -plugin-opt=-pass-through=-lgcc -plugin-opt=-pass-through=-lquadmath -plugin-opt=-pass-through=-lm -plugin-opt=-pass-through=-lgcc_s -plugin-opt=-pass-through=-lgcc -plugin-opt=-pass-through=-lc -plugin-opt=-pass-through=-lgcc_s -plugin-opt=-pass-through=-lgcc --sysroot=/ --build-id --eh-frame-hdr -m elf_x86_64 --hash-style=gnu --as-needed -dynamic-linker /lib64/ld-linux-x86-64.so.2 -z relro -o conftest /usr/lib/gcc/x86_64-linux-gnu/5/../../../x86_64-linux-gnu/crt1.o /usr/lib/gcc/x86_64-linux-gnu/5/../../../x86_64-linux-gnu/crti.o /usr/lib/gcc/x86_64-linux-gnu/5/crtbegin.o -L/usr/lib/gcc/x86_64-linux-gnu/5 -L/usr/lib/gcc/x86_64-linux-gnu/5/../../../x86_64-linux-gnu -L/usr/lib/gcc/x86_64-linux-gnu/5/../../../../lib -L/lib/x86_64-linux-gnu -L/lib/../lib -L/usr/lib/x86_64-linux-gnu -L/usr/lib/../lib -L/home/andersx/intel/compilers_and_libraries_2017.1.132/linux/ipp/lib/intel64 -L/home/andersx/intel/compilers_and_libraries_2017.1.132/linux/compiler/lib/intel64_lin -L/home/andersx/intel/compilers_and_libraries_2017.1.132/linux/mkl/lib/intel64_lin -L/home/andersx/intel/compilers_and_libraries_2017.1.132/linux/tbb/lib/intel64/gcc4.7 -L/home/andersx/intel/compilers_and_libraries_2017.1.132/linux/daal/lib/intel64_lin -L/home/andersx/intel/compilers_and_libraries_2017.1.132/linux/daal/../tbb/lib/intel64_lin/gcc4.4 -L/usr/lib/gcc/x86_64-linux-gnu/5/../../.. -lblas -llapack /tmp/ccEDCLnl.o -lgfortran -lm -lgcc_s -lgcc -lquadmath -lm -lgcc_s -lgcc -lc -lgcc_s -lgcc /usr/lib/gcc/x86_64-linux-gnu/5/crtend.o /usr/lib/gcc/x86_64-linux-gnu/5/../../../x86_64-linux-gnu/crtn.o
configure:14548: result: -v
configure:14550: checking for Fortran libraries of gfortran
configure:14573: gfortran -o conftest -g -O2 -v -lblas -llapack conftest.f
Using built-in specs.
Target: x86_64-linux-gnu
Configured with: ../src/configure -v --with-pkgversion='Ubuntu 5.4.0-6ubuntu1~16.04.9' --with-bugurl=file:///usr/share/doc/gcc-5/README.Bugs --enable-languages=c,ada,c++,java,go,d,fortran,objc,obj-c++ --prefix=/usr --program-suffix=-5 --enable-shared --enable-linker-build-id --libexecdir=/usr/lib --without-included-gettext --enable-threads=posix --libdir=/usr/lib --enable-nls --with-sysroot=/ --enable-clocale=gnu --enable-libstdcxx-debug --enable-libstdcxx-time=yes --with-default-libstdcxx-abi=new --enable-gnu-unique-object --disable-vtable-verify --enable-libmpx --enable-plugin --with-system-zlib --disable-browser-plugin --enable-java-awt=gtk --enable-gtk-cairo --with-java-home=/usr/lib/jvm/java-1.5.0-gcj-5-amd64/jre --enable-java-home --with-jvm-root-dir=/usr/lib/jvm/java-1.5.0-gcj-5-amd64 --with-jvm-jar-dir=/usr/lib/jvm-exports/java-1.5.0-gcj-5-amd64 --with-arch-directory=amd64 --with-ecj-jar=/usr/share/java/eclipse-ecj.jar --enable-objc-gc --enable-multiarch --disable-werror --with-arch-32=i686 --with-abi=m64 --with-multilib-list=m32,m64,mx32 --enable-multilib --with-tune=generic --enable-checking=release --build=x86_64-linux-gnu --host=x86_64-linux-gnu --target=x86_64-linux-gnu
Thread model: posix
gcc version 5.4.0 20160609 (Ubuntu 5.4.0-6ubuntu1~16.04.9) 
 /usr/lib/gcc/x86_64-linux-gnu/5/f951 conftest.f -ffixed-form -quiet -dumpbase conftest.f -mtune=generic -march=x86-64 -auxbase conftest -g -O2 -version -fintrinsic-modules-path /usr/lib/gcc/x86_64-linux-gnu/5/finclude -o /tmp/ccoEE6Qq.s
GNU Fortran (Ubuntu 5.4.0-6ubuntu1~16.04.9) version 5.4.0 20160609 (x86_64-linux-gnu)
	compiled by GNU C version 5.4.0 20160609, GMP version 6.1.0, MPFR version 3.1.4, MPC version 1.0.3
GGC heuristics: --param ggc-min-expand=100 --param ggc-min-heapsize=131072
GNU Fortran2008 (Ubuntu 5.4.0-6ubuntu1~16.04.9) version 5.4.0 20160609 (x86_64-linux-gnu)
	compiled by GNU C version 5.4.0 20160609, GMP version 6.1.0, MPFR version 3.1.4, MPC version 1.0.3
GGC heuristics: --param ggc-min-expand=100 --param ggc-min-heapsize=131072
 as -v --64 -o /tmp/ccpHtUcr.o /tmp/ccoEE6Qq.s
GNU assembler version 2.26.1 (x86_64-linux-gnu) using BFD version (GNU Binutils for Ubuntu) 2.26.1
Reading specs from /usr/lib/gcc/x86_64-linux-gnu/5/libgfortran.spec
rename spec lib to liborig
 /usr/lib/gcc/x86_64-linux-gnu/5/collect2 -plugin /usr/lib/gcc/x86_64-linux-gnu/5/liblto_plugin.so -plugin-opt=/usr/lib/gcc/x86_64-linux-gnu/5/lto-wrapper -plugin-opt=-fresolution=/tmp/ccHujqzr.res -plugin-opt=-pass-through=-lgcc_s -plugin-opt=-pass-through=-lgcc -plugin-opt=-pass-through=-lquadmath -plugin-opt=-pass-through=-lm -plugin-opt=-pass-through=-lgcc_s -plugin-opt=-pass-through=-lgcc -plugin-opt=-pass-through=-lc -plugin-opt=-pass-through=-lgcc_s -plugin-opt=-pass-through=-lgcc --sysroot=/ --build-id --eh-frame-hdr -m elf_x86_64 --hash-style=gnu --as-needed -dynamic-linker /lib64/ld-linux-x86-64.so.2 -z relro -o conftest /usr/lib/gcc/x86_64-linux-gnu/5/../../../x86_64-linux-gnu/crt1.o /usr/lib/gcc/x86_64-linux-gnu/5/../../../x86_64-linux-gnu/crti.o /usr/lib/gcc/x86_64-linux-gnu/5/crtbegin.o -L/usr/lib/gcc/x86_64-linux-gnu/5 -L/usr/lib/gcc/x86_64-linux-gnu/5/../../../x86_64-linux-gnu -L/usr/lib/gcc/x86_64-linux-gnu/5/../../../../lib -L/lib/x86_64-linux-gnu -L/lib/../lib -L/usr/lib/x86_64-linux-gnu -L/usr/lib/../lib -L/home/andersx/intel/compilers_and_libraries_2017.1.132/linux/ipp/lib/intel64 -L/home/andersx/intel/compilers_and_libraries_2017.1.132/linux/compiler/lib/intel64_lin -L/home/andersx/intel/compilers_and_libraries_2017.1.132/linux/mkl/lib/intel64_lin -L/home/andersx/intel/compilers_and_libraries_2017.1.132/linux/tbb/lib/intel64/gcc4.7 -L/home/andersx/intel/compilers_and_libraries_2017.1.132/linux/daal/lib/intel64_lin -L/home/andersx/intel/compilers_and_libraries_2017.1.132/linux/daal/../tbb/lib/intel64_lin/gcc4.4 -L/usr/lib/gcc/x86_64-linux-gnu/5/../../.. -lblas -llapack /tmp/ccpHtUcr.o -lgfortran -lm -lgcc_s -lgcc -lquadmath -lm -lgcc_s -lgcc -lc -lgcc_s -lgcc /usr/lib/gcc/x86_64-linux-gnu/5/crtend.o /usr/lib/gcc/x86_64-linux-gnu/5/../../../x86_64-linux-gnu/crtn.o
configure:14750: result:  -L/usr/lib/gcc/x86_64-linux-gnu/5 -L/usr/lib/gcc/x86_64-linux-gnu/5/../../../x86_64-linux-gnu -L/usr/lib/gcc/x86_64-linux-gnu/5/../../../../lib -L/lib/x86_64-linux-gnu -L/lib/../lib -L/usr/lib/x86_64-linux-gnu -L/usr/lib/../lib -L/home/andersx/intel/compilers_and_libraries_2017.1.132/linux/ipp/lib/intel64 -L/home/andersx/intel/compilers_and_libraries_2017.1.132/linux/compiler/lib/intel64_lin -L/home/andersx/intel/compilers_and_libraries_2017.1.132/linux/mkl/lib/intel64_lin -L/home/andersx/intel/compilers_and_libraries_2017.1.132/linux/tbb/lib/intel64/gcc4.7 -L/home/andersx/intel/compilers_and_libraries_2017.1.132/linux/daal/lib/intel64_lin -L/home/andersx/intel/compilers_and_libraries_2017.1.132/linux/daal/../tbb/lib/intel64_lin/gcc4.4 -L/usr/lib/gcc/x86_64-linux-gnu/5/../../.. -lblas -llapack -lgfortran -lm -lquadmath
configure:14765: checking for ddot dnrm2 dcopy daxpy dgemv in -lblas
configure:14800: gcc -o conftest -g -O2  -lblas -llapack conftest.c -lblas   >&5
conftest.c:29:11: error: expected '=', ',', ';', 'asm' or '__attribute__' before 'dnrm2'
 char ddot dnrm2 dcopy daxpy dgemv ();
           ^
conftest.c:29:11: error: unknown type name 'dnrm2'
conftest.c: In function 'main':
conftest.c:33:8: error: 'ddot' undeclared (first use in this function)
 return ddot dnrm2 dcopy daxpy dgemv ();
        ^
conftest.c:33:8: note: each undeclared identifier is reported only once for each function it appears in
conftest.c:33:13: error: expected ';' before 'dnrm2'
 return ddot dnrm2 dcopy daxpy dgemv ();
             ^
configure:14807: $? = 1
configure: failed program was:
| /* confdefs.h.  */
| #define PACKAGE_NAME "QTPIE"
| #define PACKAGE_TARNAME "qtpie"
| #define PACKAGE_VERSION "1.0-rc2"
| #define PACKAGE_STRING "QTPIE 1.0-rc2"
| #define PACKAGE_BUGREPORT "jiahao@mit.edu"
| #define PACKAGE "qtpie"
| #define VERSION "1.0-rc2"
| #define STDC_HEADERS 1
| #define HAVE_SYS_TYPES_H 1
| #define HAVE_SYS_STAT_H 1
| #define HAVE_STDLIB_H 1
| #define HAVE_STRING_H 1
| #define HAVE_MEMORY_H 1
| #define HAVE_STRINGS_H 1
| #define HAVE_INTTYPES_H 1
| #define HAVE_STDINT_H 1
| #define HAVE_UNISTD_H 1
| #define HAVE_DLFCN_H 1
| #define LT_OBJDIR ".libs/"
| /* end confdefs.h.  */
| 
| /* Override any GCC internal prototype to avoid an error.
|    Use char because int might match the return type of a GCC
|    builtin and then its argument prototype would still apply.  */
| #ifdef __cplusplus
| extern "C"
| #endif
| char ddot dnrm2 dcopy daxpy dgemv ();
| int
| main ()
| {
| return ddot dnrm2 dcopy daxpy dgemv ();
|   ;
|   return 0;
| }
configure:14828: result: no
configure:14840: checking for dgelss in -llapack
configure:14875: gcc -o conftest -g -O2  -lblas -llapack conftest.c -llapack   >&5
/tmp/ccZAkyJx.o: In function `main':
/home/andersx/dev/qtpie-fork/conftest.c:33: undefined reference to `dgelss'
collect2: error: ld returned 1 exit status
configure:14882: $? = 1
configure: failed program was:
| /* confdefs.h.  */
| #define PACKAGE_NAME "QTPIE"
| #define PACKAGE_TARNAME "qtpie"
| #define PACKAGE_VERSION "1.0-rc2"
| #define PACKAGE_STRING "QTPIE 1.0-rc2"
| #define PACKAGE_BUGREPORT "jiahao@mit.edu"
| #define PACKAGE "qtpie"
| #define VERSION "1.0-rc2"
| #define STDC_HEADERS 1
| #define HAVE_SYS_TYPES_H 1
| #define HAVE_SYS_STAT_H 1
| #define HAVE_STDLIB_H 1
| #define HAVE_STRING_H 1
| #define HAVE_MEMORY_H 1
| #define HAVE_STRINGS_H 1
| #define HAVE_INTTYPES_H 1
| #define HAVE_STDINT_H 1
| #define HAVE_UNISTD_H 1
| #define HAVE_DLFCN_H 1
| #define LT_OBJDIR ".libs/"
| /* end confdefs.h.  */
| 
| /* Override any GCC internal prototype to avoid an error.
|    Use char because int might match the return type of a GCC
|    builtin and then its argument prototype would still apply.  */
| #ifdef __cplusplus
| extern "C"
| #endif
| char dgelss ();
| int
| main ()
| {
| return dgelss ();
|   ;
|   return 0;
| }
configure:14903: result: no
configure:15000: checking build system type
configure:15018: result: x86_64-unknown-linux-gnu
configure:15301: creating ./config.status

## ---------------------- ##
## Running config.status. ##
## ---------------------- ##

This file was extended by QTPIE config.status 1.0-rc2, which was
generated by GNU Autoconf 2.63.  Invocation command line was

  CONFIG_FILES    = 
  CONFIG_HEADERS  = 
  CONFIG_LINKS    = 
  CONFIG_COMMANDS = 
  $ ./config.status 

on nuke

config.status:980: creating Makefile
config.status:980: creating src/Makefile
config.status:1191: executing depfiles commands
config.status:1191: executing libtool commands

## ---------------- ##
## Cache variables. ##
## ---------------- ##

ac_cv_build=x86_64-unknown-linux-gnu
ac_cv_c_compiler_gnu=yes
ac_cv_env_CC_set=
ac_cv_env_CC_value=
ac_cv_env_CFLAGS_set=
ac_cv_env_CFLAGS_value=
ac_cv_env_CPPFLAGS_set=
ac_cv_env_CPPFLAGS_value=
ac_cv_env_CPP_set=
ac_cv_env_CPP_value=
ac_cv_env_FCFLAGS_set=
ac_cv_env_FCFLAGS_value=
ac_cv_env_FC_set=
ac_cv_env_FC_value=
ac_cv_env_LDFLAGS_set=set
ac_cv_env_LDFLAGS_value='-lblas -llapack'
ac_cv_env_LIBS_set=
ac_cv_env_LIBS_value=
ac_cv_env_build_alias_set=
ac_cv_env_build_alias_value=
ac_cv_env_host_alias_set=
ac_cv_env_host_alias_value=
ac_cv_env_target_alias_set=
ac_cv_env_target_alias_value=
ac_cv_fc_compiler_gnu=yes
ac_cv_fc_libs=' -L/usr/lib/gcc/x86_64-linux-gnu/5 -L/usr/lib/gcc/x86_64-linux-gnu/5/../../../x86_64-linux-gnu -L/usr/lib/gcc/x86_64-linux-gnu/5/../../../../lib -L/lib/x86_64-linux-gnu -L/lib/../lib -L/usr/lib/x86_64-linux-gnu -L/usr/lib/../lib -L/home/andersx/intel/compilers_and_libraries_2017.1.132/linux/ipp/lib/intel64 -L/home/andersx/intel/compilers_and_libraries_2017.1.132/linux/compiler/lib/intel64_lin -L/home/andersx/intel/compilers_and_libraries_2017.1.132/linux/mkl/lib/intel64_lin -L/home/andersx/intel/compilers_and_libraries_2017.1.132/linux/tbb/lib/intel64/gcc4.7 -L/home/andersx/intel/compilers_and_libraries_2017.1.132/linux/daal/lib/intel64_lin -L/home/andersx/intel/compilers_and_libraries_2017.1.132/linux/daal/../tbb/lib/intel64_lin/gcc4.4 -L/usr/lib/gcc/x86_64-linux-gnu/5/../../.. -lblas -llapack -lgfortran -lm -lquadmath'
ac_cv_header_dlfcn_h=yes
ac_cv_header_inttypes_h=yes
ac_cv_header_memory_h=yes
ac_cv_header_stdc=yes
ac_cv_header_stdint_h=yes
ac_cv_header_stdlib_h=yes
ac_cv_header_string_h=yes
ac_cv_header_strings_h=yes
ac_cv_header_sys_stat_h=yes
ac_cv_header_sys_types_h=yes
ac_cv_header_unistd_h=yes
ac_cv_host=x86_64-unknown-linux-gnu
ac_cv_lib_blas_ddot_dnrm2_dcopy_daxpy_dgemv=no
ac_cv_lib_lapack_dgelss=no
ac_cv_objext=o
ac_cv_path_EGREP='/bin/grep -E'
ac_cv_path_FGREP='/bin/grep -F'
ac_cv_path_GREP=/bin/grep
ac_cv_path_SED=/bin/sed
ac_cv_path_install='/usr/bin/install -c'
ac_cv_path_mkdir=/bin/mkdir
ac_cv_prog_AWK=gawk
ac_cv_prog_CPP='gcc -E'
ac_cv_prog_ac_ct_AR=ar
ac_cv_prog_ac_ct_CC=gcc
ac_cv_prog_ac_ct_FC=gfortran
ac_cv_prog_ac_ct_OBJDUMP=objdump
ac_cv_prog_ac_ct_RANLIB=ranlib
ac_cv_prog_ac_ct_STRIP=strip
ac_cv_prog_cc_c89=
ac_cv_prog_cc_g=yes
ac_cv_prog_fc_g=yes
ac_cv_prog_fc_v=-v
ac_cv_prog_make_make_set=yes
am_cv_CC_dependencies_compiler_type=gcc3
lt_cv_deplibs_check_method=pass_all
lt_cv_file_magic_cmd='$MAGIC_CMD'
lt_cv_file_magic_test_file=
lt_cv_ld_reload_flag=-r
lt_cv_nm_interface='BSD nm'
lt_cv_objdir=.libs
lt_cv_path_LD=/usr/bin/ld
lt_cv_path_NM='/usr/bin/nm -B'
lt_cv_prog_compiler_c_o=yes
lt_cv_prog_compiler_c_o_FC=yes
lt_cv_prog_compiler_pic_works=yes
lt_cv_prog_compiler_pic_works_FC=yes
lt_cv_prog_compiler_rtti_exceptions=no
lt_cv_prog_compiler_static_works=yes
lt_cv_prog_compiler_static_works_FC=yes
lt_cv_prog_gnu_ld=yes
lt_cv_sys_global_symbol_pipe='sed -n -e '\''s/^.*[	 ]\([ABCDGIRSTW][ABCDGIRSTW]*\)[	 ][	 ]*\([_A-Za-z][_A-Za-z0-9]*\)$/\1 \2 \2/p'\'''
lt_cv_sys_global_symbol_to_c_name_address='sed -n -e '\''s/^: \([^ ]*\) $/  {\"\1\", (void *) 0},/p'\'' -e '\''s/^[ABCDGIRSTW]* \([^ ]*\) \([^ ]*\)$/  {"\2", (void *) \&\2},/p'\'''
lt_cv_sys_global_symbol_to_c_name_address_lib_prefix='sed -n -e '\''s/^: \([^ ]*\) $/  {\"\1\", (void *) 0},/p'\'' -e '\''s/^[ABCDGIRSTW]* \([^ ]*\) \(lib[^ ]*\)$/  {"\2", (void *) \&\2},/p'\'' -e '\''s/^[ABCDGIRSTW]* \([^ ]*\) \([^ ]*\)$/  {"lib\2", (void *) \&\2},/p'\'''
lt_cv_sys_global_symbol_to_cdecl='sed -n -e '\''s/^T .* \(.*\)$/extern int \1();/p'\'' -e '\''s/^[ABCDGIRSTW]* .* \(.*\)$/extern char \1;/p'\'''
lt_cv_sys_max_cmd_len=1572864

## ----------------- ##
## Output variables. ##
## ----------------- ##

ACLOCAL='${SHELL} /home/andersx/dev/qtpie-fork/build-aux/missing --run aclocal-1.11'
AMDEPBACKSLASH='\'
AMDEP_FALSE='#'
AMDEP_TRUE=''
AMTAR='${SHELL} /home/andersx/dev/qtpie-fork/build-aux/missing --run tar'
AR='ar'
ARCH='-m64'
AUTOCONF='${SHELL} /home/andersx/dev/qtpie-fork/build-aux/missing --run autoconf'
AUTOHEADER='${SHELL} /home/andersx/dev/qtpie-fork/build-aux/missing --run autoheader'
AUTOMAKE='${SHELL} /home/andersx/dev/qtpie-fork/build-aux/missing --run automake-1.11'
AWK='gawk'
CC='gcc'
CCDEPMODE='depmode=gcc3'
CFLAGS='-g -O2'
CPP='gcc -E'
CPPFLAGS=''
CYGPATH_W='echo'
DEBUG_FALSE=''
DEBUG_TRUE='#'
DEFS='-DPACKAGE_NAME=\"QTPIE\" -DPACKAGE_TARNAME=\"qtpie\" -DPACKAGE_VERSION=\"1.0-rc2\" -DPACKAGE_STRING=\"QTPIE\ 1.0-rc2\" -DPACKAGE_BUGREPORT=\"jiahao@mit.edu\" -DPACKAGE=\"qtpie\" -DVERSION=\"1.0-rc2\" -DSTDC_HEADERS=1 -DHAVE_SYS_TYPES_H=1 -DHAVE_SYS_STAT_H=1 -DHAVE_STDLIB_H=1 -DHAVE_STRING_H=1 -DHAVE_MEMORY_H=1 -DHAVE_STRINGS_H=1 -DHAVE_INTTYPES_H=1 -DHAVE_STDINT_H=1 -DHAVE_UNISTD_H=1 -DHAVE_DLFCN_H=1 -DLT_OBJDIR=\".libs/\"'
DEPDIR='.deps'
DSYMUTIL=''
DUMPBIN=''
ECHO_C=''
ECHO_N='-n'
ECHO_T=''
EGREP='/bin/grep -E'
EXEEXT=''
FC='gfortran'
FCFLAGS='-g -O2'
FCLIBS=' -L/usr/lib/gcc/x86_64-linux-gnu/5 -L/usr/lib/gcc/x86_64-linux-gnu/5/../../../x86_64-linux-gnu -L/usr/lib/gcc/x86_64-linux-gnu/5/../../../../lib -L/lib/x86_64-linux-gnu -L/lib/../lib -L/usr/lib/x86_64-linux-gnu -L/usr/lib/../lib -L/home/andersx/intel/compilers_and_libraries_2017.1.132/linux/ipp/lib/intel64 -L/home/andersx/intel/compilers_and_libraries_2017.1.132/linux/compiler/lib/intel64_lin -L/home/andersx/intel/compilers_and_libraries_2017.1.132/linux/mkl/lib/intel64_lin -L/home/andersx/intel/compilers_and_libraries_2017.1.132/linux/tbb/lib/intel64/gcc4.7 -L/home/andersx/intel/compilers_and_libraries_2017.1.132/linux/daal/lib/intel64_lin -L/home/andersx/intel/compilers_and_libraries_2017.1.132/linux/daal/../tbb/lib/intel64_lin/gcc4.4 -L/usr/lib/gcc/x86_64-linux-gnu/5/../../.. -lblas -llapack -lgfortran -lm -lquadmath'
FGREP='/bin/grep -F'
FORTRANFLAGS='-Wall -Wextra -Waliasing -Wsurprising -pedantic -O3 -ftree-vectorize -ffast-math -malign-double -ffinite-math-only'
GREP='/bin/grep'
HAVE_DOXYGEN_FALSE=''
HAVE_DOXYGEN_TRUE='#'
INSTALL_DATA='${INSTALL} -m 644'
INSTALL_PROGRAM='${INSTALL}'
INSTALL_SCRIPT='${INSTALL}'
INSTALL_STRIP_PROGRAM='$(install_sh) -c -s'
LD='/usr/bin/ld -m elf_x86_64'
LDFLAGS='-lblas -llapack'
LIBOBJS=''
LIBS=''
LIBTOOL='$(SHELL) $(top_builddir)/libtool'
LIPO=''
LN_S='ln -s'
LTLIBOBJS=''
MAKEINFO='${SHELL} /home/andersx/dev/qtpie-fork/build-aux/missing --run makeinfo'
MKDIR_P='/bin/mkdir -p'
NM='/usr/bin/nm -B'
NMEDIT=''
OBJDUMP='objdump'
OBJEXT='o'
OTOOL64=''
OTOOL=''
PACKAGE='qtpie'
PACKAGE_BUGREPORT='jiahao@mit.edu'
PACKAGE_NAME='QTPIE'
PACKAGE_STRING='QTPIE 1.0-rc2'
PACKAGE_TARNAME='qtpie'
PACKAGE_VERSION='1.0-rc2'
PATH_SEPARATOR=':'
RANLIB='ranlib'
SED='/bin/sed'
SET_MAKE=''
SHELL='/bin/bash'
STRIP='strip'
TINKER_DIR=''
VERSION='1.0-rc2'
WITH_TINKER_FALSE=''
WITH_TINKER_TRUE='#'
ac_ct_CC='gcc'
ac_ct_DUMPBIN=''
ac_ct_FC='gfortran'
am__EXEEXT_FALSE=''
am__EXEEXT_TRUE='#'
am__fastdepCC_FALSE='#'
am__fastdepCC_TRUE=''
am__include='include'
am__isrc=''
am__leading_dot='.'
am__quote=''
am__tar='${AMTAR} chof - "$$tardir"'
am__untar='${AMTAR} xf -'
bindir='${exec_prefix}/bin'
build='x86_64-unknown-linux-gnu'
build_alias=''
build_cpu='x86_64'
build_os='linux-gnu'
build_vendor='unknown'
datadir='${datarootdir}'
datarootdir='${prefix}/share'
docdir='${datarootdir}/doc/${PACKAGE_TARNAME}'
dvidir='${docdir}'
exec_prefix='${prefix}'
host='x86_64-unknown-linux-gnu'
host_alias=''
host_cpu='x86_64'
host_os='linux-gnu'
host_vendor='unknown'
htmldir='${docdir}'
includedir='${prefix}/include'
infodir='${datarootdir}/info'
install_sh='${SHELL} /home/andersx/dev/qtpie-fork/build-aux/install-sh'
libdir='${exec_prefix}/lib'
libexecdir='${exec_prefix}/libexec'
localedir='${datarootdir}/locale'
localstatedir='${prefix}/var'
lt_ECHO='echo'
mandir='${datarootdir}/man'
mkdir_p='/bin/mkdir -p'
oldincludedir='/usr/include'
pdfdir='${docdir}'
prefix='/home/andersx/opt/qtpie'
program_transform_name='s,x,x,'
psdir='${docdir}'
sbindir='${exec_prefix}/sbin'
sharedstatedir='${prefix}/com'
sysconfdir='${prefix}/etc'
target_alias=''

## ----------- ##
## confdefs.h. ##
## ----------- ##

#define PACKAGE_NAME "QTPIE"
#define PACKAGE_TARNAME "qtpie"
#define PACKAGE_VERSION "1.0-rc2"
#define PACKAGE_STRING "QTPIE 1.0-rc2"
#define PACKAGE_BUGREPORT "jiahao@mit.edu"
#define PACKAGE "qtpie"
#define VERSION "1.0-rc2"
#define STDC_HEADERS 1
#define HAVE_SYS_TYPES_H 1
#define HAVE_SYS_STAT_H 1
#define HAVE_STDLIB_H 1
#define HAVE_STRING_H 1
#define HAVE_MEMORY_H 1
#define HAVE_STRINGS_H 1
#define HAVE_INTTYPES_H 1
#define HAVE_STDINT_H 1
#define HAVE_UNISTD_H 1
#define HAVE_DLFCN_H 1
#define LT_OBJDIR ".libs/"

configure: exit 0
